train_dataset length: 390
val_dataset length: 59
Validation Loss: 0.6937
Validation Accuracy: 0.4743
Epoch [1/1000], Loss: 0.7136
Validation Loss: 0.6930
Validation Accuracy: 0.4924
Epoch [2/1000], Loss: 0.6934
Validation Loss: 0.6931
Validation Accuracy: 0.4994
Epoch [3/1000], Loss: 0.6929
Validation Loss: 0.6926
Validation Accuracy: 0.4994
Epoch [4/1000], Loss: 0.6926
Validation Loss: 0.6908
Validation Accuracy: 0.6035
Epoch [5/1000], Loss: 0.6913
Validation Loss: 0.6879
Validation Accuracy: 0.6474
Epoch [6/1000], Loss: 0.6874
Validation Loss: 0.6751
Validation Accuracy: 0.6895
Epoch [7/1000], Loss: 0.6692
Validation Loss: 0.6333
Validation Accuracy: 0.7155
Epoch [8/1000], Loss: 0.6260
Validation Loss: 0.6008
Validation Accuracy: 0.7164
Epoch [9/1000], Loss: 0.5942
Validation Loss: 0.5593
Validation Accuracy: 0.7361
Epoch [10/1000], Loss: 0.5578
Validation Loss: 0.5270
Validation Accuracy: 0.7340
Epoch [11/1000], Loss: 0.5256
Validation Loss: 0.5038
Validation Accuracy: 0.7318
Epoch [12/1000], Loss: 0.5078
Validation Loss: 0.4886
Validation Accuracy: 0.7361
Epoch [13/1000], Loss: 0.4901
Validation Loss: 0.4758
Validation Accuracy: 0.7315
Epoch [14/1000], Loss: 0.4829
Validation Loss: 0.4701
Validation Accuracy: 0.7388
Epoch [15/1000], Loss: 0.4795
Validation Loss: 0.4732
Validation Accuracy: 0.7415
Epoch [16/1000], Loss: 0.4755
Validation Loss: 0.4616
Validation Accuracy: 0.7567
Epoch [17/1000], Loss: 0.4784
Validation Loss: 0.4540
Validation Accuracy: 0.7433
Epoch [18/1000], Loss: 0.4658
Validation Loss: 0.4518
Validation Accuracy: 0.7388
Epoch [19/1000], Loss: 0.4608
Validation Loss: 0.4516
Validation Accuracy: 0.7470
Epoch [20/1000], Loss: 0.4564
Validation Loss: 0.4467
Validation Accuracy: 0.7421
Epoch [21/1000], Loss: 0.4558
Validation Loss: 0.4476
Validation Accuracy: 0.7527
Epoch [22/1000], Loss: 0.4531
Validation Loss: 0.4422
Validation Accuracy: 0.7449
Epoch [23/1000], Loss: 0.4535
Validation Loss: 0.4426
Validation Accuracy: 0.7548
Epoch [24/1000], Loss: 0.4518
Validation Loss: 0.4300
Validation Accuracy: 0.7539
Epoch [25/1000], Loss: 0.4575
Validation Loss: 0.4502
Validation Accuracy: 0.7533
Epoch [26/1000], Loss: 0.4491
Validation Loss: 0.4412
Validation Accuracy: 0.7400
Epoch [27/1000], Loss: 0.4541
Validation Loss: 0.4335
Validation Accuracy: 0.7542
Epoch [28/1000], Loss: 0.4427
Validation Loss: 0.4315
Validation Accuracy: 0.7588
Epoch [29/1000], Loss: 0.4422
Validation Loss: 0.4394
Validation Accuracy: 0.7530
Epoch [30/1000], Loss: 0.4404
Validation Loss: 0.4489
Validation Accuracy: 0.7267
Epoch [31/1000], Loss: 0.4530
Validation Loss: 0.4575
Validation Accuracy: 0.7397
Epoch [32/1000], Loss: 0.4453
Validation Loss: 0.4299
Validation Accuracy: 0.7488
Epoch [33/1000], Loss: 0.4421
Validation Loss: 0.4493
Validation Accuracy: 0.7409
Epoch [34/1000], Loss: 0.4466
Validation Loss: 0.4287
Validation Accuracy: 0.7548
Epoch [35/1000], Loss: 0.4420
Validation Loss: 0.4323
Validation Accuracy: 0.7527
Epoch [36/1000], Loss: 0.4408
Validation Loss: 0.4381
Validation Accuracy: 0.7355
Epoch [37/1000], Loss: 0.4417
Validation Loss: 0.4227
Validation Accuracy: 0.7536
Epoch [38/1000], Loss: 0.4345
Validation Loss: 0.4566
Validation Accuracy: 0.7421
Epoch [39/1000], Loss: 0.4359
Validation Loss: 0.4265
Validation Accuracy: 0.7515
Epoch [40/1000], Loss: 0.4352
Validation Loss: 0.4499
Validation Accuracy: 0.7458
Epoch [41/1000], Loss: 0.4397
Validation Loss: 0.4253
Validation Accuracy: 0.7479
Epoch [42/1000], Loss: 0.4335
Validation Loss: 0.4263
Validation Accuracy: 0.7564
Epoch [43/1000], Loss: 0.4316
Validation Loss: 0.4323
Validation Accuracy: 0.7512
Epoch [44/1000], Loss: 0.4362
Validation Loss: 0.4277
Validation Accuracy: 0.7500
Epoch [45/1000], Loss: 0.4349
Validation Loss: 0.4533
Validation Accuracy: 0.7442
Epoch [46/1000], Loss: 0.4312
Validation Loss: 0.4254
Validation Accuracy: 0.7500
Epoch [47/1000], Loss: 0.4257
Validation Loss: 0.4306
Validation Accuracy: 0.7503
Epoch [48/1000], Loss: 0.4252
Validation Loss: 0.4283
Validation Accuracy: 0.7382
Epoch [49/1000], Loss: 0.4301
Validation Loss: 0.4422
Validation Accuracy: 0.7506
Epoch [50/1000], Loss: 0.4343
Validation Loss: 0.4290
Validation Accuracy: 0.7518
Epoch [51/1000], Loss: 0.4314
Validation Loss: 0.4422
Validation Accuracy: 0.7591
Epoch [52/1000], Loss: 0.4298
Validation Loss: 0.4186
Validation Accuracy: 0.7606
Epoch [53/1000], Loss: 0.4300
Validation Loss: 0.4499
Validation Accuracy: 0.7500
Epoch [54/1000], Loss: 0.4351
Validation Loss: 0.4208
Validation Accuracy: 0.7600
Epoch [55/1000], Loss: 0.4239
Validation Loss: 0.4377
Validation Accuracy: 0.7621
Epoch [56/1000], Loss: 0.4220
Validation Loss: 0.4317
Validation Accuracy: 0.7461
Epoch [57/1000], Loss: 0.4342
Validation Loss: 0.4387
Validation Accuracy: 0.7609
Epoch [58/1000], Loss: 0.4281
Validation Loss: 0.4282
Validation Accuracy: 0.7424
Epoch [59/1000], Loss: 0.4396
Validation Loss: 0.4177
Validation Accuracy: 0.7660
Epoch [60/1000], Loss: 0.4250
Validation Loss: 0.4312
Validation Accuracy: 0.7582
Epoch [61/1000], Loss: 0.4232
Validation Loss: 0.4104
Validation Accuracy: 0.7712
Epoch [62/1000], Loss: 0.4196
Validation Loss: 0.4193
Validation Accuracy: 0.7588
Epoch [63/1000], Loss: 0.4237
Validation Loss: 0.4283
Validation Accuracy: 0.7585
Epoch [64/1000], Loss: 0.4184
Validation Loss: 0.4268
Validation Accuracy: 0.7527
Epoch [65/1000], Loss: 0.4179
Validation Loss: 0.4166
Validation Accuracy: 0.7673
Epoch [66/1000], Loss: 0.4182
Validation Loss: 0.4252
Validation Accuracy: 0.7636
Epoch [67/1000], Loss: 0.4194
Validation Loss: 0.4229
Validation Accuracy: 0.7712
Epoch [68/1000], Loss: 0.4228
Validation Loss: 0.4190
Validation Accuracy: 0.7642
Epoch [69/1000], Loss: 0.4154
Validation Loss: 0.4456
Validation Accuracy: 0.7660
Epoch [70/1000], Loss: 0.4147
Validation Loss: 0.4161
Validation Accuracy: 0.7615
Epoch [71/1000], Loss: 0.4136
Validation Loss: 0.4217
Validation Accuracy: 0.7745
Epoch [72/1000], Loss: 0.4131
Validation Loss: 0.4194
Validation Accuracy: 0.7685
Epoch [73/1000], Loss: 0.4173
Validation Loss: 0.4102
Validation Accuracy: 0.7530
Epoch [74/1000], Loss: 0.4128
Validation Loss: 0.4294
Validation Accuracy: 0.7615
Epoch [75/1000], Loss: 0.4144
Validation Loss: 0.4188
Validation Accuracy: 0.7615
Epoch [76/1000], Loss: 0.4105
Validation Loss: 0.4264
Validation Accuracy: 0.7648
Epoch [77/1000], Loss: 0.4114
Validation Loss: 0.4537
Validation Accuracy: 0.7594
Epoch [78/1000], Loss: 0.4168
Validation Loss: 0.4257
Validation Accuracy: 0.7503
Epoch [79/1000], Loss: 0.4130
Validation Loss: 0.4339
Validation Accuracy: 0.7582
Epoch [80/1000], Loss: 0.4098
Validation Loss: 0.4338
Validation Accuracy: 0.7669
Epoch [81/1000], Loss: 0.4061
Validation Loss: 0.4205
Validation Accuracy: 0.7618
Epoch [82/1000], Loss: 0.4060
Validation Loss: 0.4330
Validation Accuracy: 0.7651
Epoch [83/1000], Loss: 0.4091
Validation Loss: 0.4214
Validation Accuracy: 0.7669
Epoch [84/1000], Loss: 0.4041
Validation Loss: 0.4345
Validation Accuracy: 0.7645
Epoch [85/1000], Loss: 0.4065
Validation Loss: 0.4241
Validation Accuracy: 0.7657
Epoch [86/1000], Loss: 0.4099
Validation Loss: 0.4249
Validation Accuracy: 0.7697
Epoch [87/1000], Loss: 0.4098
Validation Loss: 0.4372
Validation Accuracy: 0.7691
Epoch [88/1000], Loss: 0.4017
Validation Loss: 0.4364
Validation Accuracy: 0.7700
Epoch [89/1000], Loss: 0.3995
Validation Loss: 0.4336
Validation Accuracy: 0.7694
Epoch [90/1000], Loss: 0.4039
Validation Loss: 0.4279
Validation Accuracy: 0.7630
Epoch [91/1000], Loss: 0.3985
Validation Loss: 0.4304
Validation Accuracy: 0.7682
Epoch [92/1000], Loss: 0.3988
Validation Loss: 0.4464
Validation Accuracy: 0.7582
Epoch [93/1000], Loss: 0.3993
Validation Loss: 0.4355
Validation Accuracy: 0.7666
Epoch [94/1000], Loss: 0.3963
Validation Loss: 0.4455
Validation Accuracy: 0.7612
Epoch [95/1000], Loss: 0.4004
Validation Loss: 0.4224
Validation Accuracy: 0.7721
Epoch [96/1000], Loss: 0.3982
Validation Loss: 0.4307
Validation Accuracy: 0.7703
Epoch [97/1000], Loss: 0.3950
Validation Loss: 0.4340
Validation Accuracy: 0.7633
Epoch [98/1000], Loss: 0.3979
Validation Loss: 0.4381
Validation Accuracy: 0.7654
Epoch [99/1000], Loss: 0.3991
Validation Loss: 0.4276
Validation Accuracy: 0.7633
Epoch [100/1000], Loss: 0.3935
Validation Loss: 0.4509
Validation Accuracy: 0.7669
Epoch [101/1000], Loss: 0.3921
Validation Loss: 0.4416
Validation Accuracy: 0.7703
Epoch [102/1000], Loss: 0.3956
Validation Loss: 0.4681
Validation Accuracy: 0.7594
Epoch [103/1000], Loss: 0.4010
Validation Loss: 0.4317
Validation Accuracy: 0.7703
Epoch [104/1000], Loss: 0.3916
Validation Loss: 0.4286
Validation Accuracy: 0.7679
Epoch [105/1000], Loss: 0.3929
Validation Loss: 0.4242
Validation Accuracy: 0.7627
Epoch [106/1000], Loss: 0.3932
Validation Loss: 0.4557
Validation Accuracy: 0.7612
Epoch [107/1000], Loss: 0.3941
Validation Loss: 0.4492
Validation Accuracy: 0.7612
Epoch [108/1000], Loss: 0.3943
Validation Loss: 0.4226
Validation Accuracy: 0.7654
Epoch [109/1000], Loss: 0.3950
Validation Loss: 0.4284
Validation Accuracy: 0.7603
Epoch [110/1000], Loss: 0.3959
Validation Loss: 0.4456
Validation Accuracy: 0.7627
Epoch [111/1000], Loss: 0.3936
Validation Loss: 0.4386
Validation Accuracy: 0.7660
Epoch [112/1000], Loss: 0.3898
Validation Loss: 0.4355
Validation Accuracy: 0.7736
Epoch [113/1000], Loss: 0.3923
Validation Loss: 0.4421
Validation Accuracy: 0.7633
Epoch [114/1000], Loss: 0.3912
Validation Loss: 0.4338
Validation Accuracy: 0.7654
Epoch [115/1000], Loss: 0.3936
Validation Loss: 0.4175
Validation Accuracy: 0.7730
Epoch [116/1000], Loss: 0.3879
Validation Loss: 0.4411
Validation Accuracy: 0.7742
Epoch [117/1000], Loss: 0.3859
Validation Loss: 0.4393
Validation Accuracy: 0.7666
Epoch [118/1000], Loss: 0.3912
Validation Loss: 0.4365
Validation Accuracy: 0.7612
Epoch [119/1000], Loss: 0.3948
Validation Loss: 0.4726
Validation Accuracy: 0.7554
Epoch [120/1000], Loss: 0.3968
Validation Loss: 0.4454
Validation Accuracy: 0.7685
Epoch [121/1000], Loss: 0.3879
Validation Loss: 0.4428
Validation Accuracy: 0.7751
Epoch [122/1000], Loss: 0.3857
Validation Loss: 0.4411
Validation Accuracy: 0.7673
Epoch [123/1000], Loss: 0.3956
Validation Loss: 0.4594
Validation Accuracy: 0.7682
Epoch [124/1000], Loss: 0.3943
Validation Loss: 0.4251
Validation Accuracy: 0.7715
Epoch [125/1000], Loss: 0.3898
Validation Loss: 0.4728
Validation Accuracy: 0.7536
Epoch [126/1000], Loss: 0.3896
Validation Loss: 0.4295
Validation Accuracy: 0.7794
Epoch [127/1000], Loss: 0.3889
Validation Loss: 0.4566
Validation Accuracy: 0.7760
Epoch [128/1000], Loss: 0.3806
Validation Loss: 0.4284
Validation Accuracy: 0.7654
Epoch [129/1000], Loss: 0.3879
Validation Loss: 0.4421
Validation Accuracy: 0.7736
Epoch [130/1000], Loss: 0.3862
Validation Loss: 0.4449
Validation Accuracy: 0.7630
Epoch [131/1000], Loss: 0.3765
Validation Loss: 0.4536
Validation Accuracy: 0.7739
Epoch [132/1000], Loss: 0.3827
Validation Loss: 0.4572
Validation Accuracy: 0.7660
Epoch [133/1000], Loss: 0.3807
Validation Loss: 0.4434
Validation Accuracy: 0.7715
Epoch [134/1000], Loss: 0.3740
Validation Loss: 0.4675
Validation Accuracy: 0.7703
Epoch [135/1000], Loss: 0.3781
Validation Loss: 0.4410
Validation Accuracy: 0.7751
Epoch [136/1000], Loss: 0.3797
Validation Loss: 0.4452
Validation Accuracy: 0.7697
Epoch [137/1000], Loss: 0.3815
Validation Loss: 0.4644
Validation Accuracy: 0.7669
Epoch [138/1000], Loss: 0.3815
Validation Loss: 0.4502
Validation Accuracy: 0.7600
Epoch [139/1000], Loss: 0.3824
Validation Loss: 0.4544
Validation Accuracy: 0.7742
Epoch [140/1000], Loss: 0.3749
Validation Loss: 0.4596
Validation Accuracy: 0.7712
Epoch [141/1000], Loss: 0.3798
Validation Loss: 0.4404
Validation Accuracy: 0.7739
Epoch [142/1000], Loss: 0.3790
Validation Loss: 0.4617
Validation Accuracy: 0.7694
Epoch [143/1000], Loss: 0.3862
Validation Loss: 0.4260
Validation Accuracy: 0.7727
Epoch [144/1000], Loss: 0.3832
Validation Loss: 0.4563
Validation Accuracy: 0.7757
Epoch [145/1000], Loss: 0.3773
Validation Loss: 0.4367
Validation Accuracy: 0.7715
Epoch [146/1000], Loss: 0.3776
Validation Loss: 0.4477
Validation Accuracy: 0.7791
Epoch [147/1000], Loss: 0.3817
Validation Loss: 0.4375
Validation Accuracy: 0.7818
Epoch [148/1000], Loss: 0.3764
Validation Loss: 0.4418
Validation Accuracy: 0.7679
Epoch [149/1000], Loss: 0.3722
Validation Loss: 0.4385
Validation Accuracy: 0.7694
Epoch [150/1000], Loss: 0.3761
Validation Loss: 0.4422
Validation Accuracy: 0.7824
Epoch [151/1000], Loss: 0.3713
Validation Loss: 0.4359
Validation Accuracy: 0.7733
Epoch [152/1000], Loss: 0.3735
Validation Loss: 0.4514
Validation Accuracy: 0.7730
Epoch [153/1000], Loss: 0.3747
Validation Loss: 0.4436
Validation Accuracy: 0.7781
Epoch [154/1000], Loss: 0.3726
Validation Loss: 0.4532
Validation Accuracy: 0.7721
Epoch [155/1000], Loss: 0.3769
Validation Loss: 0.4480
Validation Accuracy: 0.7757
Epoch [156/1000], Loss: 0.3688
Validation Loss: 0.4463
Validation Accuracy: 0.7718
Epoch [157/1000], Loss: 0.3744
Validation Loss: 0.4741
Validation Accuracy: 0.7803
Epoch [158/1000], Loss: 0.3713
Validation Loss: 0.4325
Validation Accuracy: 0.7778
Epoch [159/1000], Loss: 0.3665
Validation Loss: 0.4675
Validation Accuracy: 0.7733
Epoch [160/1000], Loss: 0.3720
Validation Loss: 0.4446
Validation Accuracy: 0.7718
Epoch [161/1000], Loss: 0.3660
Validation Loss: 0.4577
Validation Accuracy: 0.7812
Epoch [162/1000], Loss: 0.3752
Validation Loss: 0.4541
Validation Accuracy: 0.7663
Epoch [163/1000], Loss: 0.3789
Validation Loss: 0.4438
Validation Accuracy: 0.7700
Epoch [164/1000], Loss: 0.3719
Validation Loss: 0.4632
Validation Accuracy: 0.7679
Epoch [165/1000], Loss: 0.3725
Validation Loss: 0.4419
Validation Accuracy: 0.7806
Epoch [166/1000], Loss: 0.3741
Validation Loss: 0.4440
Validation Accuracy: 0.7775
Epoch [167/1000], Loss: 0.3693
Validation Loss: 0.4571
Validation Accuracy: 0.7685
Epoch [168/1000], Loss: 0.3700
Validation Loss: 0.4556
Validation Accuracy: 0.7812
Epoch [169/1000], Loss: 0.3782
Validation Loss: 0.4362
Validation Accuracy: 0.7857
Epoch [170/1000], Loss: 0.3684
Validation Loss: 0.4592
Validation Accuracy: 0.7751
Epoch [171/1000], Loss: 0.3697
Validation Loss: 0.4312
Validation Accuracy: 0.7896
Epoch [172/1000], Loss: 0.3692
Validation Loss: 0.4425
Validation Accuracy: 0.7797
Epoch [173/1000], Loss: 0.3659
Validation Loss: 0.4837
Validation Accuracy: 0.7657
Epoch [174/1000], Loss: 0.3669
Validation Loss: 0.4378
Validation Accuracy: 0.7815
Epoch [175/1000], Loss: 0.3696
Validation Loss: 0.5028
Validation Accuracy: 0.7639
Epoch [176/1000], Loss: 0.3702
Validation Loss: 0.4386
Validation Accuracy: 0.7878
Epoch [177/1000], Loss: 0.3661
Validation Loss: 0.4590
Validation Accuracy: 0.7809
Epoch [178/1000], Loss: 0.3630
Validation Loss: 0.4459
Validation Accuracy: 0.7757
Epoch [179/1000], Loss: 0.3645
Validation Loss: 0.4439
Validation Accuracy: 0.7791
Epoch [180/1000], Loss: 0.3619
Validation Loss: 0.4695
Validation Accuracy: 0.7797
Epoch [181/1000], Loss: 0.3576
Validation Loss: 0.4520
Validation Accuracy: 0.7906
Epoch [182/1000], Loss: 0.3613
Validation Loss: 0.4474
Validation Accuracy: 0.7887
Epoch [183/1000], Loss: 0.3573
Validation Loss: 0.4748
Validation Accuracy: 0.7772
Epoch [184/1000], Loss: 0.3694
Validation Loss: 0.4479
Validation Accuracy: 0.7803
Epoch [185/1000], Loss: 0.3694
Validation Loss: 0.4804
Validation Accuracy: 0.7715
Epoch [186/1000], Loss: 0.3821
Validation Loss: 0.4292
Validation Accuracy: 0.7936
Epoch [187/1000], Loss: 0.3725
Validation Loss: 0.4850
Validation Accuracy: 0.7821
Epoch [188/1000], Loss: 0.3613
Validation Loss: 0.4433
Validation Accuracy: 0.7887
Epoch [189/1000], Loss: 0.3566
Validation Loss: 0.4493
Validation Accuracy: 0.7927
Epoch [190/1000], Loss: 0.3636
Validation Loss: 0.4400
Validation Accuracy: 0.7875
Epoch [191/1000], Loss: 0.3657
Validation Loss: 0.4222
Validation Accuracy: 0.7978
Epoch [192/1000], Loss: 0.3574
Validation Loss: 0.4570
Validation Accuracy: 0.7927
Epoch [193/1000], Loss: 0.3617
Validation Loss: 0.4317
Validation Accuracy: 0.7821
Epoch [194/1000], Loss: 0.3521
Validation Loss: 0.4797
Validation Accuracy: 0.7797
Epoch [195/1000], Loss: 0.3628
Validation Loss: 0.4309
Validation Accuracy: 0.7948
Epoch [196/1000], Loss: 0.3616
Validation Loss: 0.4340
Validation Accuracy: 0.7912
Epoch [197/1000], Loss: 0.3531
Validation Loss: 0.4567
Validation Accuracy: 0.7878
Epoch [198/1000], Loss: 0.3544
Validation Loss: 0.4192
Validation Accuracy: 0.7918
Epoch [199/1000], Loss: 0.3527
Validation Loss: 0.4548
Validation Accuracy: 0.7945
Epoch [200/1000], Loss: 0.3481
Validation Loss: 0.4600
Validation Accuracy: 0.7803
Epoch [201/1000], Loss: 0.3508
Validation Loss: 0.4494
Validation Accuracy: 0.8027
Epoch [202/1000], Loss: 0.3485
Validation Loss: 0.4515
Validation Accuracy: 0.7821
Epoch [203/1000], Loss: 0.3453
Validation Loss: 0.4562
Validation Accuracy: 0.7957
Epoch [204/1000], Loss: 0.3498
Validation Loss: 0.4537
Validation Accuracy: 0.7860
Epoch [205/1000], Loss: 0.3437
Validation Loss: 0.4642
Validation Accuracy: 0.7872
Epoch [206/1000], Loss: 0.3458
Validation Loss: 0.4495
Validation Accuracy: 0.7927
Epoch [207/1000], Loss: 0.3463
Validation Loss: 0.4345
Validation Accuracy: 0.7942
Epoch [208/1000], Loss: 0.3498
Validation Loss: 0.4675
Validation Accuracy: 0.7836
Epoch [209/1000], Loss: 0.3492
Validation Loss: 0.4354
Validation Accuracy: 0.7948
Epoch [210/1000], Loss: 0.3543
Validation Loss: 0.4769
Validation Accuracy: 0.7875
Epoch [211/1000], Loss: 0.3562
Validation Loss: 0.4505
Validation Accuracy: 0.7854
Epoch [212/1000], Loss: 0.3461
Validation Loss: 0.4655
Validation Accuracy: 0.7881
Epoch [213/1000], Loss: 0.3403
Validation Loss: 0.4329
Validation Accuracy: 0.7875
Epoch [214/1000], Loss: 0.3445
Validation Loss: 0.4689
Validation Accuracy: 0.7866
Epoch [215/1000], Loss: 0.3409
Validation Loss: 0.4282
Validation Accuracy: 0.7903
Epoch [216/1000], Loss: 0.3360
Validation Loss: 0.4703
Validation Accuracy: 0.7945
Epoch [217/1000], Loss: 0.3444
Validation Loss: 0.4275
Validation Accuracy: 0.7951
Epoch [218/1000], Loss: 0.3353
Validation Loss: 0.4570
Validation Accuracy: 0.7927
Epoch [219/1000], Loss: 0.3413
Validation Loss: 0.4350
Validation Accuracy: 0.7872
Epoch [220/1000], Loss: 0.3443
Validation Loss: 0.4437
Validation Accuracy: 0.7930
Epoch [221/1000], Loss: 0.3409
Validation Loss: 0.4488
Validation Accuracy: 0.7903
Epoch [222/1000], Loss: 0.3384
Validation Loss: 0.4254
Validation Accuracy: 0.7981
Epoch [223/1000], Loss: 0.3362
Validation Loss: 0.4680
Validation Accuracy: 0.7875
Epoch [224/1000], Loss: 0.3328
Validation Loss: 0.4367
Validation Accuracy: 0.7972
Epoch [225/1000], Loss: 0.3355
Validation Loss: 0.4450
Validation Accuracy: 0.7857
Epoch [226/1000], Loss: 0.3331
Validation Loss: 0.4647
Validation Accuracy: 0.8005
Epoch [227/1000], Loss: 0.3337
Validation Loss: 0.4456
Validation Accuracy: 0.7887
Epoch [228/1000], Loss: 0.3315
Validation Loss: 0.4388
Validation Accuracy: 0.7945
Epoch [229/1000], Loss: 0.3334
Validation Loss: 0.4581
Validation Accuracy: 0.7890
Epoch [230/1000], Loss: 0.3291
Validation Loss: 0.4514
Validation Accuracy: 0.7833
Epoch [231/1000], Loss: 0.3280
Validation Loss: 0.4536
Validation Accuracy: 0.7966
Epoch [232/1000], Loss: 0.3260
Validation Loss: 0.4807
Validation Accuracy: 0.7924
Epoch [233/1000], Loss: 0.3291
Validation Loss: 0.4522
Validation Accuracy: 0.7912
Epoch [234/1000], Loss: 0.3322
Validation Loss: 0.4452
Validation Accuracy: 0.7990
Epoch [235/1000], Loss: 0.3257
Validation Loss: 0.4618
Validation Accuracy: 0.7969
Epoch [236/1000], Loss: 0.3263
Validation Loss: 0.4729
Validation Accuracy: 0.7890
Epoch [237/1000], Loss: 0.3273
Validation Loss: 0.4515
Validation Accuracy: 0.7918
Epoch [238/1000], Loss: 0.3266
Validation Loss: 0.4604
Validation Accuracy: 0.7866
Epoch [239/1000], Loss: 0.3276
Validation Loss: 0.4315
Validation Accuracy: 0.7954
Epoch [240/1000], Loss: 0.3252
Validation Loss: 0.4848
Validation Accuracy: 0.7957
Epoch [241/1000], Loss: 0.3270
Validation Loss: 0.4731
Validation Accuracy: 0.7893
Epoch [242/1000], Loss: 0.3320
Validation Loss: 0.4371
Validation Accuracy: 0.8066
Epoch [243/1000], Loss: 0.3236
Validation Loss: 0.4554
Validation Accuracy: 0.7930
Epoch [244/1000], Loss: 0.3256
Validation Loss: 0.4477
Validation Accuracy: 0.7900
Epoch [245/1000], Loss: 0.3218
Validation Loss: 0.4506
Validation Accuracy: 0.7990
Epoch [246/1000], Loss: 0.3187
Validation Loss: 0.4303
Validation Accuracy: 0.8072
Epoch [247/1000], Loss: 0.3209
Validation Loss: 0.4672
Validation Accuracy: 0.7906
Epoch [248/1000], Loss: 0.3234
Validation Loss: 0.4587
Validation Accuracy: 0.7918
Epoch [249/1000], Loss: 0.3223
Validation Loss: 0.4756
Validation Accuracy: 0.7978
Epoch [250/1000], Loss: 0.3243
Validation Loss: 0.4288
Validation Accuracy: 0.7930
Epoch [251/1000], Loss: 0.3261
Validation Loss: 0.4579
Validation Accuracy: 0.7987
Epoch [252/1000], Loss: 0.3237
Validation Loss: 0.4467
Validation Accuracy: 0.7830
Epoch [253/1000], Loss: 0.3240
Validation Loss: 0.4613
Validation Accuracy: 0.7915
Epoch [254/1000], Loss: 0.3243
Validation Loss: 0.4285
Validation Accuracy: 0.7993
Epoch [255/1000], Loss: 0.3181
Validation Loss: 0.4819
Validation Accuracy: 0.7896
Epoch [256/1000], Loss: 0.3222
Validation Loss: 0.4347
Validation Accuracy: 0.8005
Epoch [257/1000], Loss: 0.3213
Validation Loss: 0.4496
Validation Accuracy: 0.7945
Epoch [258/1000], Loss: 0.3209
Validation Loss: 0.4563
Validation Accuracy: 0.7951
Epoch [259/1000], Loss: 0.3206
Validation Loss: 0.4752
Validation Accuracy: 0.7933
Epoch [260/1000], Loss: 0.3130
Validation Loss: 0.4430
Validation Accuracy: 0.7957
Epoch [261/1000], Loss: 0.3175
Validation Loss: 0.4389
Validation Accuracy: 0.8018
Epoch [262/1000], Loss: 0.3140
Validation Loss: 0.4722
Validation Accuracy: 0.7875
Epoch [263/1000], Loss: 0.3187
Validation Loss: 0.4375
Validation Accuracy: 0.7963
Epoch [264/1000], Loss: 0.3205
Validation Loss: 0.4641
Validation Accuracy: 0.7890
Epoch [265/1000], Loss: 0.3152
Validation Loss: 0.4552
Validation Accuracy: 0.8033
Epoch [266/1000], Loss: 0.3127
Validation Loss: 0.4645
Validation Accuracy: 0.7981
Epoch [267/1000], Loss: 0.3129
Validation Loss: 0.4435
Validation Accuracy: 0.8033
Epoch [268/1000], Loss: 0.3201
Validation Loss: 0.4542
Validation Accuracy: 0.7842
Epoch [269/1000], Loss: 0.3169
Validation Loss: 0.4627
Validation Accuracy: 0.7909
Epoch [270/1000], Loss: 0.3097
Validation Loss: 0.4335
Validation Accuracy: 0.8060
Epoch [271/1000], Loss: 0.3115
Validation Loss: 0.4743
Validation Accuracy: 0.7975
Epoch [272/1000], Loss: 0.3124
Validation Loss: 0.4466
Validation Accuracy: 0.7954
Epoch [273/1000], Loss: 0.3053
Validation Loss: 0.4363
Validation Accuracy: 0.8090
Epoch [274/1000], Loss: 0.3122
Validation Loss: 0.4605
Validation Accuracy: 0.7972
Epoch [275/1000], Loss: 0.3076
Validation Loss: 0.4557
Validation Accuracy: 0.8018
Epoch [276/1000], Loss: 0.3070
Validation Loss: 0.4176
Validation Accuracy: 0.8096
Epoch [277/1000], Loss: 0.3111
Validation Loss: 0.4841
Validation Accuracy: 0.7878
Epoch [278/1000], Loss: 0.3183
Validation Loss: 0.4420
Validation Accuracy: 0.8057
Epoch [279/1000], Loss: 0.3077
Validation Loss: 0.4599
Validation Accuracy: 0.7978
Epoch [280/1000], Loss: 0.3007
Validation Loss: 0.4270
Validation Accuracy: 0.8154
Epoch [281/1000], Loss: 0.3085
Validation Loss: 0.4608
Validation Accuracy: 0.7942
Epoch [282/1000], Loss: 0.3025
Validation Loss: 0.4272
Validation Accuracy: 0.8051
Epoch [283/1000], Loss: 0.3004
Validation Loss: 0.4575
Validation Accuracy: 0.7951
Epoch [284/1000], Loss: 0.3076
Validation Loss: 0.4473
Validation Accuracy: 0.7939
Epoch [285/1000], Loss: 0.3076
Validation Loss: 0.4476
Validation Accuracy: 0.8021
Epoch [286/1000], Loss: 0.3112
Validation Loss: 0.4483
Validation Accuracy: 0.7878
Epoch [287/1000], Loss: 0.3104
Validation Loss: 0.4364
Validation Accuracy: 0.8021
Epoch [288/1000], Loss: 0.3045
Validation Loss: 0.4376
Validation Accuracy: 0.7990
Epoch [289/1000], Loss: 0.3061
Validation Loss: 0.4358
Validation Accuracy: 0.8081
Epoch [290/1000], Loss: 0.3059
Validation Loss: 0.4878
Validation Accuracy: 0.7815
Epoch [291/1000], Loss: 0.3119
Validation Loss: 0.4393
Validation Accuracy: 0.8151
Epoch [292/1000], Loss: 0.3044
Validation Loss: 0.4447
Validation Accuracy: 0.7966
Epoch [293/1000], Loss: 0.3026
Validation Loss: 0.4692
Validation Accuracy: 0.7945
Epoch [294/1000], Loss: 0.2937
Validation Loss: 0.4356
Validation Accuracy: 0.8096
Epoch [295/1000], Loss: 0.3028
Validation Loss: 0.4772
Validation Accuracy: 0.7948
Epoch [296/1000], Loss: 0.2972
Validation Loss: 0.4541
Validation Accuracy: 0.7963
Epoch [297/1000], Loss: 0.2949
Validation Loss: 0.4451
Validation Accuracy: 0.8099
Epoch [298/1000], Loss: 0.3001
Validation Loss: 0.4972
Validation Accuracy: 0.7893
Epoch [299/1000], Loss: 0.3066
Validation Loss: 0.4383
Validation Accuracy: 0.8054
Epoch [300/1000], Loss: 0.2993
Validation Loss: 0.5020
Validation Accuracy: 0.7854
Epoch [301/1000], Loss: 0.3036
Validation Loss: 0.4299
Validation Accuracy: 0.7969
Epoch [302/1000], Loss: 0.2955
Validation Loss: 0.4358
Validation Accuracy: 0.8005
Epoch [303/1000], Loss: 0.2980
Validation Loss: 0.4428
Validation Accuracy: 0.7960
Epoch [304/1000], Loss: 0.2956
Validation Loss: 0.4466
Validation Accuracy: 0.8021
Epoch [305/1000], Loss: 0.2917
Validation Loss: 0.4717
Validation Accuracy: 0.8002
Epoch [306/1000], Loss: 0.3106
Validation Loss: 0.4323
Validation Accuracy: 0.8063
Epoch [307/1000], Loss: 0.2989
Validation Loss: 0.4618
Validation Accuracy: 0.8005
Epoch [308/1000], Loss: 0.3067
Validation Loss: 0.4363
Validation Accuracy: 0.8048
Epoch [309/1000], Loss: 0.2930
Validation Loss: 0.4285
Validation Accuracy: 0.8099
Epoch [310/1000], Loss: 0.2952
Validation Loss: 0.4733
Validation Accuracy: 0.7951
Epoch [311/1000], Loss: 0.2954
Validation Loss: 0.4312
Validation Accuracy: 0.8105
Epoch [312/1000], Loss: 0.3038
Validation Loss: 0.4492
Validation Accuracy: 0.8012
Epoch [313/1000], Loss: 0.2987
Validation Loss: 0.4468
Validation Accuracy: 0.7993
Epoch [314/1000], Loss: 0.2889
Validation Loss: 0.4703
Validation Accuracy: 0.7969
Epoch [315/1000], Loss: 0.2862
Validation Loss: 0.4448
Validation Accuracy: 0.7981
Epoch [316/1000], Loss: 0.2898
Validation Loss: 0.4600
Validation Accuracy: 0.7996
Epoch [317/1000], Loss: 0.2919
Validation Loss: 0.4293
Validation Accuracy: 0.8075
Epoch [318/1000], Loss: 0.2927
Validation Loss: 0.4682
Validation Accuracy: 0.7909
Epoch [319/1000], Loss: 0.2952
Validation Loss: 0.4570
Validation Accuracy: 0.8024
Epoch [320/1000], Loss: 0.3039
Validation Loss: 0.4433
Validation Accuracy: 0.7954
Epoch [321/1000], Loss: 0.3010
Validation Loss: 0.4689
Validation Accuracy: 0.7890
Epoch [322/1000], Loss: 0.2953
Validation Loss: 0.4341
Validation Accuracy: 0.8054
Epoch [323/1000], Loss: 0.2977
Validation Loss: 0.4848
Validation Accuracy: 0.7984
Epoch [324/1000], Loss: 0.2987
Validation Loss: 0.4540
Validation Accuracy: 0.7921
Epoch [325/1000], Loss: 0.2948
Validation Loss: 0.4569
Validation Accuracy: 0.8069
Epoch [326/1000], Loss: 0.2884
Validation Loss: 0.4478
Validation Accuracy: 0.7969
Epoch [327/1000], Loss: 0.2941
Validation Loss: 0.4656
Validation Accuracy: 0.7918
Epoch [328/1000], Loss: 0.2917
Validation Loss: 0.4566
Validation Accuracy: 0.8005
Epoch [329/1000], Loss: 0.2853
Validation Loss: 0.4644
Validation Accuracy: 0.7954
Epoch [330/1000], Loss: 0.2864
Validation Loss: 0.4401
Validation Accuracy: 0.7969
Epoch [331/1000], Loss: 0.2817
Validation Loss: 0.4645
Validation Accuracy: 0.7993
Epoch [332/1000], Loss: 0.2793
Validation Loss: 0.4687
Validation Accuracy: 0.7972
Epoch [333/1000], Loss: 0.2833
Validation Loss: 0.4486
Validation Accuracy: 0.8066
Epoch [334/1000], Loss: 0.2830
Validation Loss: 0.4467
Validation Accuracy: 0.8057
Epoch [335/1000], Loss: 0.2843
Validation Loss: 0.4928
Validation Accuracy: 0.7875
Epoch [336/1000], Loss: 0.2836
Validation Loss: 0.4660
Validation Accuracy: 0.7921
Epoch [337/1000], Loss: 0.2774
Validation Loss: 0.4696
Validation Accuracy: 0.7969
Epoch [338/1000], Loss: 0.2801
Validation Loss: 0.4668
Validation Accuracy: 0.7912
Epoch [339/1000], Loss: 0.2783
Validation Loss: 0.4732
Validation Accuracy: 0.7930
Epoch [340/1000], Loss: 0.2797
Validation Loss: 0.4746
Validation Accuracy: 0.7978
Epoch [341/1000], Loss: 0.2915
Validation Loss: 0.4685
Validation Accuracy: 0.7906
Epoch [342/1000], Loss: 0.2796
Validation Loss: 0.4921
Validation Accuracy: 0.7909
Epoch [343/1000], Loss: 0.2790
Validation Loss: 0.4882
Validation Accuracy: 0.7918
Epoch [344/1000], Loss: 0.2838
Validation Loss: 0.4391
Validation Accuracy: 0.8045
Epoch [345/1000], Loss: 0.2794
Validation Loss: 0.4681
Validation Accuracy: 0.7969
Epoch [346/1000], Loss: 0.2840
Validation Loss: 0.4443
Validation Accuracy: 0.7999
Epoch [347/1000], Loss: 0.2836
Validation Loss: 0.4690
Validation Accuracy: 0.7984
Epoch [348/1000], Loss: 0.2798
Validation Loss: 0.4416
Validation Accuracy: 0.8069
Epoch [349/1000], Loss: 0.2736
Validation Loss: 0.4846
Validation Accuracy: 0.7948
Epoch [350/1000], Loss: 0.2792
Validation Loss: 0.4598
Validation Accuracy: 0.7893
Epoch [351/1000], Loss: 0.2729
Validation Loss: 0.4683
Validation Accuracy: 0.8005
Epoch [352/1000], Loss: 0.2859
Validation Loss: 0.4749
Validation Accuracy: 0.7933
Epoch [353/1000], Loss: 0.2793
Validation Loss: 0.4636
Validation Accuracy: 0.8012
Epoch [354/1000], Loss: 0.2742
Validation Loss: 0.4949
Validation Accuracy: 0.7869
Epoch [355/1000], Loss: 0.2916
Validation Loss: 0.4652
Validation Accuracy: 0.8054
Epoch [356/1000], Loss: 0.2776
Validation Loss: 0.4608
Validation Accuracy: 0.7927
Epoch [357/1000], Loss: 0.2746
Validation Loss: 0.4696
Validation Accuracy: 0.8008
Epoch [358/1000], Loss: 0.2706
Validation Loss: 0.4555
Validation Accuracy: 0.7939
Epoch [359/1000], Loss: 0.2775
Validation Loss: 0.4512
Validation Accuracy: 0.7999
Epoch [360/1000], Loss: 0.2671
Validation Loss: 0.4524
Validation Accuracy: 0.8051
Epoch [361/1000], Loss: 0.2704
Validation Loss: 0.4597
Validation Accuracy: 0.8012
Epoch [362/1000], Loss: 0.2755
Validation Loss: 0.4608
Validation Accuracy: 0.7972
Epoch [363/1000], Loss: 0.2720
Validation Loss: 0.5005
Validation Accuracy: 0.7848
Epoch [364/1000], Loss: 0.2693
Validation Loss: 0.4368
Validation Accuracy: 0.8033
Epoch [365/1000], Loss: 0.2830
Validation Loss: 0.4506
Validation Accuracy: 0.8002
Epoch [366/1000], Loss: 0.2742
Validation Loss: 0.5057
Validation Accuracy: 0.7836
Epoch [367/1000], Loss: 0.2740
Validation Loss: 0.4767
Validation Accuracy: 0.7966
Epoch [368/1000], Loss: 0.2722
Validation Loss: 0.4416
Validation Accuracy: 0.8015
Epoch [369/1000], Loss: 0.2720
Validation Loss: 0.5007
Validation Accuracy: 0.7896
Epoch [370/1000], Loss: 0.2681
Validation Loss: 0.4696
Validation Accuracy: 0.7948
Epoch [371/1000], Loss: 0.2691
Validation Loss: 0.4582
Validation Accuracy: 0.7996
Epoch [372/1000], Loss: 0.2755
Validation Loss: 0.4721
Validation Accuracy: 0.8008
Epoch [373/1000], Loss: 0.2731
Validation Loss: 0.4828
Validation Accuracy: 0.7945
Epoch [374/1000], Loss: 0.2759
Validation Loss: 0.4733
Validation Accuracy: 0.8054
Epoch [375/1000], Loss: 0.2771
Validation Loss: 0.4921
Validation Accuracy: 0.7836
Epoch [376/1000], Loss: 0.2683
Validation Loss: 0.4743
Validation Accuracy: 0.7945
Epoch [377/1000], Loss: 0.2726
Validation Loss: 0.4806
Validation Accuracy: 0.8042
Epoch [378/1000], Loss: 0.2707
Validation Loss: 0.4899
Validation Accuracy: 0.7878
Epoch [379/1000], Loss: 0.2624
Validation Loss: 0.4710
Validation Accuracy: 0.7951
Epoch [380/1000], Loss: 0.2680
Validation Loss: 0.4644
Validation Accuracy: 0.7969
Epoch [381/1000], Loss: 0.2699
Validation Loss: 0.4665
Validation Accuracy: 0.7963
Epoch [382/1000], Loss: 0.2664
Validation Loss: 0.4930
Validation Accuracy: 0.7939
Epoch [383/1000], Loss: 0.2656
Validation Loss: 0.4599
Validation Accuracy: 0.8005
Epoch [384/1000], Loss: 0.2675
Validation Loss: 0.4713
Validation Accuracy: 0.8033
Epoch [385/1000], Loss: 0.2676
Validation Loss: 0.4887
Validation Accuracy: 0.7921
Epoch [386/1000], Loss: 0.2623
Validation Loss: 0.4773
Validation Accuracy: 0.7996
Epoch [387/1000], Loss: 0.2654
Validation Loss: 0.4856
Validation Accuracy: 0.7896
Epoch [388/1000], Loss: 0.2595
Validation Loss: 0.4693
Validation Accuracy: 0.7999
Epoch [389/1000], Loss: 0.2627
Validation Loss: 0.4863
Validation Accuracy: 0.7896
Epoch [390/1000], Loss: 0.2581
Validation Loss: 0.4660
Validation Accuracy: 0.8075
Epoch [391/1000], Loss: 0.2601
Validation Loss: 0.4907
Validation Accuracy: 0.7957
Epoch [392/1000], Loss: 0.2641
Validation Loss: 0.4957
Validation Accuracy: 0.7830
Epoch [393/1000], Loss: 0.2606
Validation Loss: 0.4975
Validation Accuracy: 0.7954
Epoch [394/1000], Loss: 0.2569
Validation Loss: 0.4912
Validation Accuracy: 0.7972
Epoch [395/1000], Loss: 0.2544
Validation Loss: 0.4716
Validation Accuracy: 0.8033
Epoch [396/1000], Loss: 0.2577
Validation Loss: 0.4823
Validation Accuracy: 0.7981
Epoch [397/1000], Loss: 0.2630
Validation Loss: 0.5154
Validation Accuracy: 0.7845
Epoch [398/1000], Loss: 0.2631
Validation Loss: 0.4550
Validation Accuracy: 0.8039
Epoch [399/1000], Loss: 0.2616
Validation Loss: 0.5059
Validation Accuracy: 0.7963
Epoch [400/1000], Loss: 0.2544
Validation Loss: 0.4949
Validation Accuracy: 0.7951
Epoch [401/1000], Loss: 0.2557
Validation Loss: 0.4874
Validation Accuracy: 0.7969
Epoch [402/1000], Loss: 0.2597
Validation Loss: 0.4754
Validation Accuracy: 0.7987
Epoch [403/1000], Loss: 0.2537
Validation Loss: 0.4791
Validation Accuracy: 0.8030
Epoch [404/1000], Loss: 0.2583
Validation Loss: 0.4969
Validation Accuracy: 0.7933
Epoch [405/1000], Loss: 0.2538
Validation Loss: 0.4851
Validation Accuracy: 0.7981
Epoch [406/1000], Loss: 0.2543
Validation Loss: 0.4861
Validation Accuracy: 0.7978
Epoch [407/1000], Loss: 0.2566
Validation Loss: 0.4782
Validation Accuracy: 0.7996
Epoch [408/1000], Loss: 0.2543
Validation Loss: 0.4850
Validation Accuracy: 0.8002
Epoch [409/1000], Loss: 0.2655
Validation Loss: 0.5020
Validation Accuracy: 0.7951
Epoch [410/1000], Loss: 0.2580
Validation Loss: 0.4799
Validation Accuracy: 0.7975
Epoch [411/1000], Loss: 0.2532
Validation Loss: 0.5044
Validation Accuracy: 0.7999
Epoch [412/1000], Loss: 0.2570
Validation Loss: 0.4867
Validation Accuracy: 0.7951
Epoch [413/1000], Loss: 0.2547
Validation Loss: 0.5035
Validation Accuracy: 0.7987
Epoch [414/1000], Loss: 0.2553
Validation Loss: 0.4940
Validation Accuracy: 0.7972
Epoch [415/1000], Loss: 0.2533
Validation Loss: 0.4829
Validation Accuracy: 0.7972
Epoch [416/1000], Loss: 0.2574
Validation Loss: 0.4956
Validation Accuracy: 0.7915
Epoch [417/1000], Loss: 0.2576
Validation Loss: 0.4747
Validation Accuracy: 0.7999
Epoch [418/1000], Loss: 0.2511
Validation Loss: 0.4979
Validation Accuracy: 0.8045
Epoch [419/1000], Loss: 0.2503
Validation Loss: 0.5061
Validation Accuracy: 0.7942
Epoch [420/1000], Loss: 0.2486
Validation Loss: 0.4883
Validation Accuracy: 0.7984
Epoch [421/1000], Loss: 0.2585
Validation Loss: 0.4886
Validation Accuracy: 0.7984
Epoch [422/1000], Loss: 0.2521
Validation Loss: 0.5035
Validation Accuracy: 0.7933
Epoch [423/1000], Loss: 0.2520
Validation Loss: 0.4753
Validation Accuracy: 0.8015
Epoch [424/1000], Loss: 0.2486
Validation Loss: 0.4852
Validation Accuracy: 0.7933
Epoch [425/1000], Loss: 0.2447
Validation Loss: 0.5272
Validation Accuracy: 0.7945
Epoch [426/1000], Loss: 0.2543
Validation Loss: 0.4734
Validation Accuracy: 0.8048
Epoch [427/1000], Loss: 0.2484
Validation Loss: 0.4925
Validation Accuracy: 0.8060
Epoch [428/1000], Loss: 0.2461
Validation Loss: 0.5029
Validation Accuracy: 0.7912
Epoch [429/1000], Loss: 0.2557
Validation Loss: 0.5104
Validation Accuracy: 0.7981
Epoch [430/1000], Loss: 0.2513
Validation Loss: 0.4997
Validation Accuracy: 0.7969
Epoch [431/1000], Loss: 0.2486
Validation Loss: 0.5432
Validation Accuracy: 0.7951
Epoch [432/1000], Loss: 0.2528
Validation Loss: 0.4623
Validation Accuracy: 0.8072
Epoch [433/1000], Loss: 0.2479
Validation Loss: 0.5266
Validation Accuracy: 0.8012
Epoch [434/1000], Loss: 0.2484
Validation Loss: 0.4833
Validation Accuracy: 0.8024
Epoch [435/1000], Loss: 0.2419
Validation Loss: 0.5351
Validation Accuracy: 0.7939
Epoch [436/1000], Loss: 0.2449
Validation Loss: 0.4764
Validation Accuracy: 0.8039
Epoch [437/1000], Loss: 0.2454
Validation Loss: 0.4888
Validation Accuracy: 0.7969
Epoch [438/1000], Loss: 0.2421
Validation Loss: 0.5038
Validation Accuracy: 0.7975
Epoch [439/1000], Loss: 0.2465
Validation Loss: 0.4942
Validation Accuracy: 0.7966
Epoch [440/1000], Loss: 0.2449
Validation Loss: 0.5290
Validation Accuracy: 0.7909
Epoch [441/1000], Loss: 0.2550
Validation Loss: 0.4913
Validation Accuracy: 0.8057
Epoch [442/1000], Loss: 0.2420
Validation Loss: 0.5144
Validation Accuracy: 0.7960
Epoch [443/1000], Loss: 0.2517
Validation Loss: 0.5111
Validation Accuracy: 0.8002
Epoch [444/1000], Loss: 0.2480
Validation Loss: 0.5186
Validation Accuracy: 0.7954
Epoch [445/1000], Loss: 0.2486
Validation Loss: 0.4897
Validation Accuracy: 0.8012
Epoch [446/1000], Loss: 0.2478
Validation Loss: 0.5163
Validation Accuracy: 0.7975
Epoch [447/1000], Loss: 0.2403
Validation Loss: 0.4863
Validation Accuracy: 0.7921
Epoch [448/1000], Loss: 0.2441
Validation Loss: 0.5103
Validation Accuracy: 0.7960
Epoch [449/1000], Loss: 0.2398
Validation Loss: 0.4959
Validation Accuracy: 0.8005
Epoch [450/1000], Loss: 0.2455
Validation Loss: 0.5126
Validation Accuracy: 0.7963
Epoch [451/1000], Loss: 0.2463
Validation Loss: 0.4854
Validation Accuracy: 0.8015
Epoch [452/1000], Loss: 0.2406
Validation Loss: 0.5250
Validation Accuracy: 0.7942
Epoch [453/1000], Loss: 0.2423
Validation Loss: 0.5053
Validation Accuracy: 0.7999
Epoch [454/1000], Loss: 0.2445
Validation Loss: 0.5055
Validation Accuracy: 0.7993
Epoch [455/1000], Loss: 0.2348
Validation Loss: 0.5088
Validation Accuracy: 0.7933
Epoch [456/1000], Loss: 0.2358
Validation Loss: 0.5053
Validation Accuracy: 0.8018
Epoch [457/1000], Loss: 0.2383
Validation Loss: 0.5191
Validation Accuracy: 0.7909
Epoch [458/1000], Loss: 0.2388
Validation Loss: 0.5166
Validation Accuracy: 0.7969
Epoch [459/1000], Loss: 0.2389
Validation Loss: 0.5167
Validation Accuracy: 0.7990
Epoch [460/1000], Loss: 0.2376
Validation Loss: 0.5137
Validation Accuracy: 0.7978
Epoch [461/1000], Loss: 0.2365
Validation Loss: 0.5014
Validation Accuracy: 0.7933
Epoch [462/1000], Loss: 0.2319
Validation Loss: 0.5316
Validation Accuracy: 0.8002
Epoch [463/1000], Loss: 0.2413
Validation Loss: 0.4964
Validation Accuracy: 0.7993
Epoch [464/1000], Loss: 0.2326
Validation Loss: 0.5147
Validation Accuracy: 0.8012
Epoch [465/1000], Loss: 0.2344
Validation Loss: 0.4972
Validation Accuracy: 0.8012
Epoch [466/1000], Loss: 0.2414
Validation Loss: 0.4939
Validation Accuracy: 0.8084
Epoch [467/1000], Loss: 0.2337
Validation Loss: 0.5421
Validation Accuracy: 0.7857
Epoch [468/1000], Loss: 0.2376
Validation Loss: 0.4932
Validation Accuracy: 0.7993
Epoch [469/1000], Loss: 0.2390
Validation Loss: 0.5330
Validation Accuracy: 0.7903
Epoch [470/1000], Loss: 0.2384
Validation Loss: 0.5352
Validation Accuracy: 0.7909
Epoch [471/1000], Loss: 0.2358
Validation Loss: 0.4994
Validation Accuracy: 0.8051
Epoch [472/1000], Loss: 0.2497
Validation Loss: 0.5265
Validation Accuracy: 0.7972
Epoch [473/1000], Loss: 0.2354
Validation Loss: 0.5074
Validation Accuracy: 0.7963
Epoch [474/1000], Loss: 0.2417
Validation Loss: 0.4976
Validation Accuracy: 0.8039
Epoch [475/1000], Loss: 0.2388
Validation Loss: 0.5103
Validation Accuracy: 0.8024
Epoch [476/1000], Loss: 0.2410
Validation Loss: 0.5099
Validation Accuracy: 0.7881
Epoch [477/1000], Loss: 0.2375
Validation Loss: 0.5332
Validation Accuracy: 0.7993
Epoch [478/1000], Loss: 0.2404
Validation Loss: 0.5180
Validation Accuracy: 0.7927
Epoch [479/1000], Loss: 0.2352
Validation Loss: 0.5128
Validation Accuracy: 0.7969
Epoch [480/1000], Loss: 0.2346
Validation Loss: 0.5312
Validation Accuracy: 0.7969
Epoch [481/1000], Loss: 0.2358
Validation Loss: 0.5027
Validation Accuracy: 0.8027
Epoch [482/1000], Loss: 0.2355
Validation Loss: 0.5538
Validation Accuracy: 0.7939
Epoch [483/1000], Loss: 0.2358
Validation Loss: 0.4990
Validation Accuracy: 0.8002
Epoch [484/1000], Loss: 0.2336
Validation Loss: 0.5235
Validation Accuracy: 0.7957
Epoch [485/1000], Loss: 0.2313
Validation Loss: 0.5301
Validation Accuracy: 0.8018
Epoch [486/1000], Loss: 0.2343
Validation Loss: 0.5092
Validation Accuracy: 0.7987
Epoch [487/1000], Loss: 0.2401
Validation Loss: 0.5333
Validation Accuracy: 0.7936
Epoch [488/1000], Loss: 0.2339
Validation Loss: 0.5261
Validation Accuracy: 0.8012
Epoch [489/1000], Loss: 0.2335
Validation Loss: 0.5557
Validation Accuracy: 0.7884
Epoch [490/1000], Loss: 0.2369
Validation Loss: 0.4989
Validation Accuracy: 0.8002
Epoch [491/1000], Loss: 0.2284
Validation Loss: 0.5031
Validation Accuracy: 0.7954
Epoch [492/1000], Loss: 0.2276
Validation Loss: 0.5291
Validation Accuracy: 0.7924
Epoch [493/1000], Loss: 0.2265
Validation Loss: 0.5362
Validation Accuracy: 0.7939
Epoch [494/1000], Loss: 0.2292
Validation Loss: 0.5182
Validation Accuracy: 0.7972
Epoch [495/1000], Loss: 0.2342
Validation Loss: 0.4971
Validation Accuracy: 0.7987
Epoch [496/1000], Loss: 0.2384
Validation Loss: 0.5351
Validation Accuracy: 0.7930
Epoch [497/1000], Loss: 0.2319
Validation Loss: 0.5349
Validation Accuracy: 0.7978
Epoch [498/1000], Loss: 0.2348
Validation Loss: 0.5345
Validation Accuracy: 0.7906
Epoch [499/1000], Loss: 0.2331
Validation Loss: 0.5129
Validation Accuracy: 0.7987
Epoch [500/1000], Loss: 0.2297
Validation Loss: 0.5400
Validation Accuracy: 0.8021
Epoch [501/1000], Loss: 0.2347
Validation Loss: 0.5421
Validation Accuracy: 0.7933
Epoch [502/1000], Loss: 0.2288
Validation Loss: 0.5276
Validation Accuracy: 0.7957
Epoch [503/1000], Loss: 0.2263
Validation Loss: 0.5473
Validation Accuracy: 0.7890
Epoch [504/1000], Loss: 0.2365
Validation Loss: 0.5395
Validation Accuracy: 0.7893
Epoch [505/1000], Loss: 0.2266
Validation Loss: 0.5253
Validation Accuracy: 0.7927
Epoch [506/1000], Loss: 0.2290
Validation Loss: 0.5233
Validation Accuracy: 0.7951
Epoch [507/1000], Loss: 0.2335
Validation Loss: 0.5421
Validation Accuracy: 0.7900
Epoch [508/1000], Loss: 0.2434
Validation Loss: 0.5349
Validation Accuracy: 0.7927
Epoch [509/1000], Loss: 0.2329
Validation Loss: 0.5431
Validation Accuracy: 0.7915
Epoch [510/1000], Loss: 0.2347
Validation Loss: 0.5317
Validation Accuracy: 0.7930
Epoch [511/1000], Loss: 0.2337
Validation Loss: 0.5519
Validation Accuracy: 0.7884
Epoch [512/1000], Loss: 0.2281
Validation Loss: 0.5441
Validation Accuracy: 0.7893
Epoch [513/1000], Loss: 0.2280
Validation Loss: 0.5055
Validation Accuracy: 0.8005
Epoch [514/1000], Loss: 0.2270
Validation Loss: 0.5733
Validation Accuracy: 0.7863
Epoch [515/1000], Loss: 0.2262
Validation Loss: 0.5270
Validation Accuracy: 0.7975
Epoch [516/1000], Loss: 0.2226
Validation Loss: 0.5320
Validation Accuracy: 0.7906
Epoch [517/1000], Loss: 0.2293
Validation Loss: 0.5345
Validation Accuracy: 0.7936
Epoch [518/1000], Loss: 0.2251
Validation Loss: 0.5034
Validation Accuracy: 0.7969
Epoch [519/1000], Loss: 0.2248
Validation Loss: 0.5329
Validation Accuracy: 0.7945
Epoch [520/1000], Loss: 0.2255
Validation Loss: 0.5354
Validation Accuracy: 0.7927
Epoch [521/1000], Loss: 0.2231
Validation Loss: 0.5237
Validation Accuracy: 0.7945
Epoch [522/1000], Loss: 0.2264
Validation Loss: 0.5566
Validation Accuracy: 0.7921
Epoch [523/1000], Loss: 0.2255
Validation Loss: 0.5202
Validation Accuracy: 0.7927
Epoch [524/1000], Loss: 0.2262
Validation Loss: 0.5572
Validation Accuracy: 0.7936
Epoch [525/1000], Loss: 0.2278
Validation Loss: 0.5169
Validation Accuracy: 0.7993
Epoch [526/1000], Loss: 0.2241
Validation Loss: 0.5425
Validation Accuracy: 0.7969
Epoch [527/1000], Loss: 0.2208
Validation Loss: 0.5396
Validation Accuracy: 0.7987
Epoch [528/1000], Loss: 0.2233
Validation Loss: 0.5252
Validation Accuracy: 0.7930
Epoch [529/1000], Loss: 0.2249
Validation Loss: 0.5409
Validation Accuracy: 0.7963
Epoch [530/1000], Loss: 0.2314
Validation Loss: 0.5215
Validation Accuracy: 0.8005
Epoch [531/1000], Loss: 0.2330
Validation Loss: 0.5481
Validation Accuracy: 0.7881
Epoch [532/1000], Loss: 0.2204
Validation Loss: 0.5664
Validation Accuracy: 0.7927
Epoch [533/1000], Loss: 0.2226
Validation Loss: 0.5374
Validation Accuracy: 0.7893
Epoch [534/1000], Loss: 0.2162
Validation Loss: 0.5448
Validation Accuracy: 0.8045
Epoch [535/1000], Loss: 0.2283
Validation Loss: 0.5550
Validation Accuracy: 0.7921
Epoch [536/1000], Loss: 0.2339
Validation Loss: 0.5572
Validation Accuracy: 0.7921
Epoch [537/1000], Loss: 0.2285
Validation Loss: 0.5218
Validation Accuracy: 0.7954
Epoch [538/1000], Loss: 0.2221
Validation Loss: 0.5392
Validation Accuracy: 0.7957
Epoch [539/1000], Loss: 0.2215
Validation Loss: 0.5381
Validation Accuracy: 0.7954
Epoch [540/1000], Loss: 0.2145
Validation Loss: 0.5458
Validation Accuracy: 0.7851
Epoch [541/1000], Loss: 0.2191
Validation Loss: 0.5385
Validation Accuracy: 0.7975
Epoch [542/1000], Loss: 0.2242
Validation Loss: 0.5578
Validation Accuracy: 0.7896
Epoch [543/1000], Loss: 0.2289
Validation Loss: 0.5546
Validation Accuracy: 0.7918
Epoch [544/1000], Loss: 0.2197
Validation Loss: 0.5338
Validation Accuracy: 0.7927
Epoch [545/1000], Loss: 0.2272
Validation Loss: 0.5487
Validation Accuracy: 0.7881
